§l§6Hunter§fX§cDragon Crash Dump Thu Jul 23 14:27:48 WIB 2020

Error: StringTag cannot hold more than 32767 bytes, got string of length 676249
File: vendor/pocketmine/nbt/src/tag/StringTag
Line: 44
Type: InvalidArgumentException

Code:
[35] 	private $value;
[36] 
[37] 	/**
[38] 	 * @param string $name
[39] 	 * @param string $value
[40] 	 */
[41] 	public function __construct(string $name = "", string $value = ""){
[42] 		parent::__construct($name);
[43] 		if(strlen($value) > 32767){
[44] 			throw new \InvalidArgumentException("StringTag cannot hold more than 32767 bytes, got string of length " . strlen($value));
[45] 		}
[46] 		$this->value = $value;
[47] 	}
[48] 
[49] 	public function getType() : int{
[50] 		return NBT::TAG_String;
[51] 	}
[52] 
[53] 	public function read(NBTStream $nbt, ReaderTracker $tracker) : void{
[54] 		$this->value = $nbt->getString();

Backtrace:
#0 src/pocketmine/Server(763): pocketmine\nbt\tag\StringTag->__construct(string[7] NameTag, string[676249] 0123451....a.... a .. ... ... ... ... ... ... ... ... ... ... .. .. .. .. .. .. )
#1 src/pocketmine/Player(2084): pocketmine\Server->getOfflinePlayerData(string[676249] 0123451....a.... a .. ... ... ... ... ... ... ... ... ... ... .. .. .. .. .. .. )
#2 src/pocketmine/Player(2067): pocketmine\Player->processLogin()
#3 src/pocketmine/network/mcpe/VerifyLoginTask(180): pocketmine\Player->onVerifyCompleted(object pocketmine\network\mcpe\protocol\LoginPacket, NULL , boolean )
#4 src/pocketmine/scheduler/AsyncPool(319): pocketmine\network\mcpe\VerifyLoginTask->onCompletion(object pocketmine\Server)
#5 src/pocketmine/Server(2395): pocketmine\scheduler\AsyncPool->collectTasks()
#6 src/pocketmine/Server(2154): pocketmine\Server->tick()
#7 src/pocketmine/Server(1994): pocketmine\Server->tickProcessor()
#8 src/pocketmine/Server(1588): pocketmine\Server->start()
#9 src/pocketmine/PocketMine(273): pocketmine\Server->__construct(object BaseClassLoader, object pocketmine\utils\MainLogger, string[25] D:\PHP\PocketMine\Server\, string[33] D:\PHP\PocketMine\Server\plugins\)
#10 src/pocketmine/PocketMine(304): pocketmine\server()
#11 (1): require(string[80] phar://D:/PHP/PocketMine/Server/PocketMine-MP.phar/src/pocketmine/PocketMine.php)

§l§6Hunter§fX§cDragon version: 3.14.2 [Protocol 407]
Git commit: 0000000000000000000000000000000000000000
uname -a: Windows NT DESKTOP-DCPSUD0 10.0 build 18363 (Windows 10) AMD64
PHP Version: 7.3.20
Zend version: 3.3.20
OS : WINNT, win
Composer libraries: 
- adhocore/json-comment 0.1.0@8448076039389f558f39ad0553aab87db3f81614
- ocramius/package-versions 1.5.1@1d32342b8c1eb27353c8887c366147b4c2da673c
- pocketmine/binaryutils 0.1.11@e8cb65db1b7998eebb739b124f2a989fe87366eb
- pocketmine/callback-validator 1.0.1@4aef6bb25f97d0b830ba0b4f66834b1a9c86fc9a
- pocketmine/classloader 0.1.0@4ccdb30e48f030bfcad04bb0a208d198ec631993
- pocketmine/log 0.2.0@e59bedb5d4bbeb9a26647cb7c367cb2fa72addfa
- pocketmine/log-pthreads 0.1.0@9bbcef398b01487ab47c234a6a7054722abbe067
- pocketmine/math 0.2.4@b1c28b236df8b795d7b06cf8421f9962b12ac410
- pocketmine/nbt 0.2.14@b31dca98443328c4bab76dc1b84c1473c79be20e
- pocketmine/raklib 0.12.8@9fea763ffc922db083e4528d4acd0b13d0ea83a4
- pocketmine/snooze 0.1.2@88420da3d9335dbcb3ee2decfd5e5453d057dcdf
- pocketmine/spl 0.4.1@ff0579a0be41bbe65d3637607715c0f87728a838
- doctrine/instantiator 1.3.1@f350df0268e904597e3bd9c4685c53e0e333feea
- myclabs/deep-copy 1.9.5@b2c28789e80a97badd14145fda39b545d83ca3ef
- phar-io/manifest 1.0.3@7761fcacf03b4d4f16e7ccb606d4879ca431fcf4
- phar-io/version 2.0.1@45a2ec53a73c70ce41d55cedef9063630abaf1b6
- phpdocumentor/reflection-common 2.1.0@6568f4687e5b41b054365f9ae03fcb1ed5f2069b
- phpdocumentor/reflection-docblock 5.1.0@cd72d394ca794d3466a3b2fc09d5a6c1dc86b47e
- phpdocumentor/type-resolver 1.2.0@30441f2752e493c639526b215ed81d54f369d693
- phpspec/prophecy v1.10.3@451c3cd1418cf640de218914901e51b064abb093
- phpstan/phpstan 0.12.29@9771daaf6b95c6313b908d0bcdee0afcd51f838a
- phpstan/phpstan-phpunit 0.12.11@ab783a8ea634ea23305a8818c4750603e714489b
- phpstan/phpstan-strict-rules 0.12.2@a670a59aff7cf96f75d21b974860ada10e25b2ee
- phpunit/php-code-coverage 8.0.2@ca6647ffddd2add025ab3f21644a441d7c146cdc
- phpunit/php-file-iterator 3.0.2@eba15e538f2bb3fe018b7bbb47d2fe32d404bfd2
- phpunit/php-invoker 3.0.1@62f696ad0d140e0e513e69eaafdebb674d622b4c
- phpunit/php-text-template 2.0.1@0c69cbf965d5317ba33f24a352539f354a25db09
- phpunit/php-timer 5.0.0@b0d089de001ba60ffa3be36b23e1b8150d072238
- phpunit/php-token-stream 4.0.2@e61c593e9734b47ef462340c24fca8d6a57da14e
- phpunit/phpunit 9.2.5@ad7cc5ec3ab2597b329880e30442d9054526023b
- sebastian/code-unit 1.0.3@d650ef9b1fece15ed4d6eaed6e6b469b7b81183a
- sebastian/code-unit-reverse-lookup 2.0.1@c771130f0e8669104a4320b7101a81c2cc2963ef
- sebastian/comparator 4.0.2@266d85ef789da8c41f06af4093c43e9798af2784
- sebastian/diff 4.0.1@3e523c576f29dacecff309f35e4cc5a5c168e78a
- sebastian/environment 5.1.1@16eb0fa43e29c33d7f2117ed23072e26fc5ab34e
- sebastian/exporter 4.0.1@d12fbca85da932d01d941b59e4b71a0d559db091
- sebastian/global-state 4.0.0@bdb1e7c79e592b8c82cb1699be3c8743119b8a72
- sebastian/object-enumerator 4.0.1@15f319d67c49fc55ebcdbffb3377433125588455
- sebastian/object-reflector 2.0.1@14e04b3c25b821cc0702d4837803fe497680b062
- sebastian/recursion-context 4.0.1@a32789e5f0157c10cf216ce6c5136db12a12b847
- sebastian/resource-operations 3.0.1@71421c1745788de4facae1b79af923650bd3ec15
- sebastian/type 2.1.0@bad49207c6f854e7a25cef0ea948ac8ebe3ef9d8
- sebastian/version 3.0.0@0411bde656dce64202b39c2f4473993a9081d39e
- symfony/polyfill-ctype v1.17.1@2edd75b8b35d62fd3eeabba73b26b8f1f60ce13d
- theseer/tokenizer 1.1.3@11336f6f84e16a720dae9d8e6ed5019efa85a0f9
- webmozart/assert 1.9.0@9dc4f203e36f2b486149058bade43c851dd97451
- pocketmine/pocketmine-mp 3.14.2@4fc5b9772ab3a9612abb052dc4233104dcb0ea02

Loaded plugins:
AntiHack 1.0.0 by pmmp for API(s) 3.0.0
SAC 3.6.6 by DarkWav for API(s) 3.0.0
AuthUI 1.0.0 by AytgDmr1 for API(s) 3.0.0
SimpleAuth 2.1.3 by PocketMine Team, shoghicp for API(s) 3.0.0
FloatingText 0.0.1 by  for API(s) 3.0.0

----------------------REPORT THE DATA BELOW THIS LINE-----------------------

===BEGIN CRASH DUMP===
eNrtW/lz3DaW/ldQ7VRFTnW3eB+dUkoay5l4x4fWktdTm065QADs5phNMjwkK6n87/s9AOxLsic1
m9rZH+JKWk0QeHj3+x7I/nWS1+2G9x9uVdsVdTVZ+NNJX2zUZOGGaRgkqRcl00nJu/5529btZPHr
pL9vcHvyorrlZSEv2tWwUVX//JNQTU8kppON6jq+oknXfVtUqxu+YoJXVd2zdV1Ktqlbxfo1r5jv
xVHMsvtedVO2wv1OL2B1zkpVrfo1i+LIC1IQzYey/L4oiWqz5u3i9PRycXr1w9XpVS0+qv5VUanT
a9VCkL2R2aurOc0+vVWVrNvTRt/Z0Nwq60+7Vpz2fHW6ZROTG9rL7PM7F2FBiZuTRRBAeS0X+Prj
5InDaObeYsPdSRz5TxdsN75cgupyCZLL5Zbm7LsPH0RdQR2D6E+MVn6Mf2Kv+Ubh9tQq6kejnp+Y
43p+ELpz/OP0wTjDx/x3/3/831MI9cQ9luCq5PeQwHOS4EgEI9vsu5Xq3+Q5qcPMveQ9P/m/4NX7
LK9RfMSruTP7rmlrAU99Wa+K6kQT8Y+JVKq/q9uPpxvRqNP/Um2R3+vpN7z7eOImzmco15WZ+6ze
NKXqlTyps38o0R9a3dBeLon4cglu+lrU5XKpd7jiNHPKXr97+ZJNWVbXpULAaDaDYzY7sVZyKOH6
F919Ja4w+cR302M3O9zwSBzi2vKLKH6MYWNjzUH4Gd/2/DQ82nXL23K5ZW72HQQtQZ827ozuo8+R
dMPPOVtfiI9mcfyZxW6afmnxlfGAujVUks9RCZPkM1S6nre9WZ0+8MBtGjrxYv8zBPbD3Or8L7xT
z5By4ZlcqnbKHrHF0Bdlt1y+4kUFC65olo0yL/yJXS7giz9c4WPLwrjjcrmd6fv/ZGZTDnAObGOy
gfMFAX3nWM+d0Z1Z6rITF/db9fNQtGpMCInzE/sXcvlnuaDs/XTy02/Tifp3F6t/tYCAd6P1D0V1
W5e3itgFparG/elE1FKRWH6IsWXftMUt7xX7CtIN6ltM8CPcoL+xnnD6zTd0kegL9g07b3jLNyPj
X1WoJnQ//cx9TRYTAsdOOKUL1+w9ZGUhWD5UgjTJHtYrQ5+dseVkOZkeErWjT38lgp4mCJK8hbSL
xT4pTeMpiRb4dlqR0wZQ+Ymh9ZR9Z2xjqAV22rLv1219xyp1x5bLz3nAyfIPsPtywubskCfDcmh5
+Y0uInvxVb8uutl3ox52xguM0fTkxNgxSB9VNsrsDTz75ClbsKLqSe7QseRb1Q9txV7/5WaxuLn4
6wcjHtEP3S390DP0Q/9R+q3i8gQUsFbBH76C207ZW0Xp6KalytSyr3rzhVi4rQupeQg+IyLWa2xg
eDmBcn77Eyr9CZX+hEp/QqU/odK/ESpNJytVqZaXBCo0GkD+HhyHx6X5E/0wVD0E1Bf5381fcdny
lQZPGfS/OzuY+HM3mHs0PhSlnCzcxHWnk6L7INXtZJHzslPANzZ6AXecGAwUhG+c3/kPtAfL5/sC
4OquY69v2OXz67/dvLmaXT67un536TDXmTtM88DcxI98djJOdp2n7OLVZRSAEPX6i0k89+ce0f0F
YE3LYK9x+0Pd0UYvXr++wYC+uCsqjcM2TQ2zfSiLrOVtoTpSIJdrCNaq0390dTXDHAvenLk7d86T
IEicOHL81E/SPAyT3E+5dMLQ5zxLYpn5eeJGLnFWC6CwYuhOG6Q2gNOZVTEx4M7DuXvuSh+VwcsS
4aoMIRP6IkmSWPgRKMRZIDzJo9gXJMfO/llR8fZeB4Rly3XPVSKyKJSZm8VpmiiVZbGfZq4X5B5P
walKYlBV2SEpwcsyA3czDat4T3AbvIHmecBVHmWZF+ZpLJ0s8Z2MO1mQR1HiB5nLU5FEuUj5EUEK
41KH8VZlgRBQi6OCJHdAJRfQV5BlDkdZlS6YFRFyd+ofUirrlabggYIK00zJLJRYprKUe1EUxCIj
ReGPl/PY41Lm/AGFWQP0CMDTbZlJs0wo2CzJHDdIYp6BEGzAIx47YRB7HscWKKGHpDa8X1tugvPM
FV6SeX4k8wTaDmWcOZHIk8Bz8zSNPGidi8B1DkkA81gKLkj4rhSwSxD4vpeIIONZHEnhZkkgYHlf
xBDYc9QhiZZ/hKcaUbx5cg6rIrb9HGbwPJk5ia+C0EtkwAUs5vrSUTzxeXBIpavq+hdlFeKdJ+Db
kdyXqe/Df0TmK+VJJXIZqjAIQSSMpZD5EZGm1BQCeEqeY0oK51CBC+XBCxGsCJE4dkPh5Ekcewn4
SEBB1oIyoTpFlu151Rdbl/OJkB86Mne8KFGpE4RprPxMpiKIklCEvnKU7/u5UmTmzT08LetOpVIN
YrS510TSeXieebBOnKQqcXgaZ/ALN3CDMIeIaQaBZOIL7istD5LrrKhh3arIVddb3/fP4zhy4aYC
/poFMsjdSMUC8eVEEj6TCh74uJ8HezR26dMz4RNyT4FrTsZ0BFQjw1AoqfLUiaAfh2c8d7PIpCjo
RTc0aDNblRNQKGzusSTJdaMwSnIoI1ZhBk3DXf0I0cmV4+cic5UMc4C/NPsSSYxmJcwIoqEmKmTs
ST8NBI/TQPpBFHEfESWcVIY8EnDTJEKMqAdEqSeftaqj9taYkCIVZTFwcy8OPRWkPgI7Db0oA6RR
MoEGgtyPUhmZWF83XaNQ2dq6WStBFrxFKiP9AywLX5DhEpFHgSOV5yapG6SOq0JIHgWIUmdLBZ50
av+OweGl5yn8T3KOJJaGlGH8LEW+cTIBn3F4LmTo5vBK/pDIDH+HquhHYkiviE9EUqJ45AeKe77v
hDxJwF4Qhw6qgYpdFIZR9wfEqPaLftYCEnZb9s6R1x0epjzPY5GnUR6H0nOzNA6SyOGSu47ywsxT
Vu/EDRGc0dEBPqByc9qRwNm8c8EpIea5lJISoeOFHHXIc6Mg4LCHjJFUIiHFETE635gVAAY2Cn1N
TGUc5gr9JPcyUFGOiyyXZXAC6eXK92SA7J1L74gYnXR8VCMZ9zzy8iiNkOphRgexG7q+ilIFg0gU
pygOZOR5KHFHZHr1qccHYDnv1TaaHBGlIoOeQhn6LqIaicALuB96oZ8ibQTcQ+5y0mNixUZzFIKI
c5450klSqRzHzXjk5Dk8XfnwTl8h8brIPQ7yv85TB0QglrYiemjQCoySIleEqa/SGMUQ4YG4RBVx
BOqt4ImMOJImd4Mj81mnShEq4TmHWUSohM9RZJGpfC9NEuQ4RJAnU0Q3IsfxfHKpDjbpkCyrU21/
S8bkKhmFDpJK5uZKKIozKFZxhQ/ELbJBDNEAn/jjZBDBlLnUrKzrj0OzVbhA8Li+kzsqiaLUdeBH
vudkseu4PEH9E8JLI5NF96lu6OTJOJPREyq1TEKVIyFLjmhxcyfieYDYFQFpL004skUSHNCRRZ5b
Cu65r0LPF2Ec5R5ICBSm3HfI5gq4IuShcFEu4uRQPlXdFm1dWeRGmQ5gC+jHySGH8lLh+zJGgLix
kp4PsysPYIaiRptsj9Cnpm571W7Zka6XZzBxKHmKWHBcmSIXh6kKoBzuIMmn5IjuAZVVWWe8hA8Z
nw6MOwKsoazEKdANQcDEQxKPUhR+oMAYFcZNswTI5oCS6YxmqkIa3tc0xAtzoCgJQBSkECVUSHRZ
nme+H4OY73rAqkkQho+RswVCUzP2h+siyn2BJJR4rhBO7CDwEz9OUGyQ2uMocZCHD5lrlRh0FUSG
qiiQt8xx36OSHOaOGyIZOYKSk1CRQFaIJAEmFyoI4iNyXT20Qs3qhmS1yNlkF6RbsOXGQRgniVRB
zgVXhH15ngKZhU4mfSXcQ2ntMbKppkAGQeo5sYjyJAxUjAwCYAjElAYJF4mCGRBWMjmgsN8kkQ2d
wHUzCcgD8KYiACkv81Ph5QEwHBAtR8UBxk+1T91v8rq6RyNX3iPxljNh2aGiF0MkT0kZQ90ZYBiS
J/hXqHLADxkqaJK7eQQYAVAHWv1adQq9ok5NxS+2/gJEnSNo/SiHSIFyAWkJ2SkIoSKgA8dNVQ7P
5U5OifJOZZv6F3Tzp4Dsqu0tggJElgJdA2oaKCFDJxEV3jCBwlQA1wxdKVGnQvcQEe6+zjbNtos8
Rz4MUdYA0DOoI3IJXzuhhy1QRJFXpMigc8eb/LY9NNdd2AXA4Q+cgMq2pd0OTSc7O1ASJKTNh35d
tx0dRDYbMICmmDcFXWpL0bWqeFYqdId9O6CDlapBr0grcK+r8/5yf2DDCyL/incXTdEsl7T56+Gj
MkcQdNaPJgcTrt5c37x/8/blpdFoV+gIp4PR64tne8zT1T7f/jyaR4d8X/L243t++0exbsktl9ha
f+yYvr65eHvz7uoByxdg5t2LfZWbgX+i8Iv7fnW5ad0/inMOehL0oHW9//j3d2m9oBM9mr+v/N3g
viiUCPxDUXZnK+yG6j2YXNerdSH+MI/a8QKj7PP1Bdus+77pFqenq6JfD9kcdfbg4GhHBQr4HnR6
OlPX+XergoPhfSU4lE8PlPAHCSrqblPog9fc7k0lgU579enAP7Ul5QN6jqVQfo9sM56MEWvm2G1O
XQSSmD7DmTy52l6xZ3WVFytGWHfZLqsn75Vk/zGUzPOY5yxCdxGk7P2Lv+DCc/QEQ3BGdf/MTV3f
o9GSV6sBkPtMVSu63tS9PFsOjnJj/RnQp8f1p9QjnKY9SutuDRFnZdH1Z3We0wg9sBoqVLrGnKdz
sS6UeWrYndWVptTwOzQmbd2bTu7MjTQf/JNd1J35mv8VNLYBvDvTV3lNBXQ7ZveD6iQdcY3XzW1j
tyHoVYih7O/PNK/mYBHIYNapnmzYnWl1gLtyRq51dle3pdyNoS7JvSlU484un39/8e7lDY0aR5r9
PKj23m5ph1pghpEf+j5vUJZAXJ59o/9BS0Nfzzp+q+zC20LdzWRBTZZQZ0a3n7L604xceSR1UKTm
9xs6tnjCKIczoT1jMNBCOwiDutiBm8Ef2A1VWzbKz7h+oqhYXcG7+jXvxweOmWJFJcpBwsNA/oFj
Eq3reqPokWP/kGbHczVlNe60HZFkGTqOj+weGMjSYkXOYMYiL/QOsCAQV1/eE+HX6m5L7lSizsOG
Hburq697xptG8ZaR/jYQlg797olDerxn5L5bq4oNzarlEgTmy4pc1xBbLCvGnrxfK2KM9TV2qSQD
CXuqDh20vOqoXZPmtma1rLENRMU31Wt9SXVbCMXWvJKl1uCGKBsHHcNrwfTxMt3o1kMva/i8fbS/
YMuJOSJnoqw7JZcTzdlFWdZ3jKKJnuZaBMFuC87+k5yM5mhvm9lbC0Y5TC99rj3PrmHgi1FQMFgM
SiFq2T2zqqT51lG3t/eYffIeiA4eAb2i/2ZArkb9pFZ67sI2indDqyOaQemZIqahHPXzwEtS26q4
xVzzqPXEboqc9JSomx3ptIUSyQxqpwcgC9zWe78eNhm0Aq/Sz5voEROj517wo7me8A7a0q49SkrT
1uiP6gHWoydSU6bDmNlwRzxMGXVzEITKhNYNcjONbdA2Cj3FEL/W5oVM8LK2/lTAwxTUAJG051Zb
5ki3lqEXOfkqzSGfnLKi/xrq61u9TCpKcdpljhazE8gwIG48rRYtxsxKutCkjn2Va+doh6oic0pK
SXWjjaCfK3Rzdqlu7Xe2KVZrBHPLu/V0P/is45BG2nZoejNqFEaKoXcMrFzauAhK/dBAmoDg9Fwd
bD/OAfkI+VwNRcO75nuOhskzM2nraUj4SOTtvQnKv+q2klEBZmYccbApeortjVpx/bLDnF0bVTta
uUVHtPXyG7LaXaE1rz0KQXs3M4RGJ+u0hHkBFpGRwH2laeWtUuOWxslhrYHClK1qGIoOqLRX0Ea2
+9WsLZhDUmB3nYLN6fz/ewkI0XyJf6qn/zv+u75uNAs2fW5ZsuQ6hvRBFRF5b2SIdh25ch0vsIzp
JPBeR4Xlr/v6D+BQx4VmiTIGQ6dPr/kg0tUntP06+daGZRORVKy2s9UnAVzQ7SQyievNzfMFu/nh
xTV7+eLVixt2cXX18sXza3b1/C0DJPzb87dThkns5g1mPWfvf3jz8jm7evvm2fPr6/lxCjjQhxdG
Vh1Xqi1qXZApEXckoFgrnZK1NrbJ1oXuAQmkzi16ygypUJk0q0kBSkJOJGh4E8n7OWczTgaYRwWw
oml2M03ZEEHq3SVyU5H0Hm+ohlCd1wvmD2eTL1g4DrM1ShAcMJoldo1dzdqtDHAv1XQ7UX3Hyto9
fZwlK7lvJV/xNqMHmPYlBuR+nYAe164ONWLHrmJ2FXL3hleDBh/7nACYDfDBp9OxJhw74eiGprzm
OWgZeTe7EJyzNybnG4cHeqiHUm55KVBE7iq2478zhBvNPgSNHMfKit2+18niQZHUrmMobGXL23oz
Fluz2s6Y7bvmvoVJGmvJB77BHnGpA++4HgEjmazFTuSG1pHlsGkMujIQjtkbM7ox2uuSJtkFmnfN
5igBrlDmEez8EQWjaKPwYYdbOFnXDYoSQ7+G1VYj2qSkRbvtuJqOhjQYwYLKueGGpn5WT9TZiPVQ
fexG3p/xhkaLzbBBjUV5bdmI/smQzPRBhoudXilerCp1xDz0MYDtxnKkN5wRCh5QdIOtxS5rc+vY
pwkbUdYz9M3kMYQMLTtxXzKNHGYCTZ7aynYJVjRWAXwk7YE7AzAMlUa/HMXMGiPhTjoss/o08ow7
0+Qd2iUFltQGWLpfJvUlP1xW9sWqhS0RgGb6ZUuCmBnv0bwSEtcsAzXBhWyR0bnNdD72riktmdqC
TVPenuxbabxFabW974n4lM3cPQNq4+mNZ/3IjC0BOmvvcKxuSglCSiM59TIa6NNiDFq25uwHYEH4
0pl5gfTZ1bsp1oKHDPF1V0i4vcYKJntu6c80/QWLR9i9Q+Sd1s7e3Dm7kEhUa17mp2glTZsgFXzY
boVNGR2RkIPtBeKu7O0R229Fnn+irEYQk5dTkzRpa/vuzJzdtLpe1BpJv7uqrkYcvusNqc2gRXeo
qERzaKpmZq+PGp9XNiC74he1NTUh9tHCHdVCi6aA6I3n7FXdIPXMoqdzdmXXlLxd6QXcNqnWTfSO
ectXJB3MBbG6ptRghjrPDZinPMBbMuGzsqDzE91K03tYquvZq5t3mtMOIpHY2dAzat13rwnr7Uzf
MR/T0KYfZrRqobmlAJAqG1aLsZf5jrnUw1gkt0YU6/vMdq6d6bXJyauuNjXNOopLxEzeMtSerWv0
tuScYwujxiZVJzfJe846fjsmUToOGU+N6N4u3untCmQCxfsxx4BT8/LWCJl1u9W0Bq50DRCahi9V
LcqiYXot9PiK30OH5Cyb+nbsYCn925yp89ZsvGe27HbZYjwW2j9NuNHHAcYBzE/XzEGKnmutPXT2
WELA63uTF+yamVmzYA0AxW1R0jYm59l4trtQ0ubVaguqK1pWHteO6Tjr4Dzp0RMc0+VdbOqBfDo3
ydm6OKnSHMTpYkThrHt3GIa+62qCxW91bdlbrAWvlOkVM2WIZSonj9SHfrocrEcP0EbXZ4EHVcqI
TxttxUdkMn7Mqn0FGLspFIDHuHQeZ5O3oAT/GB0RzI6L6e+WG197N3XSs6GBR6puL1sIKkB6I338
uXcU8+JSb6bfTel0SJI+VUuWBq5F6towKx2zJw9jtdNrDkQHvRnz2BO2Qs/S7dSzO93Yamj+UEU2
WO94oZsaJA4gfmObpm6GcnRGe0FpX8+xKcLXCUKj4Vljw5qyK0Xqgo04U59lmvOcha14dPykeywz
bAqGtRcY2R0MyJ3eyN/1OyFHQ9twOxxu1oBmeb1nEUTZzDxd2M5c12QZzcqcHqXNi1pzXNXV/YZ6
BHqMTcdtotuxTo2Pvc9297UIOmXx1apFt2lOluwxlOm29Q8QjuXT/CGC31y+oZdoZzYJmlpASeFO
GSDK9Q9DaMdOM74TQI/N985+UXq2mjeuaYzzQKkwqLlvnQlVTz/Rpty9j6f0eL2vOkDUivxk75hn
ivzYrPkUw1ADFax+C1mQenOFNhomRAaqqCCYu2NhMYdG/ODYyD652Ss4A+AZapvOYmOysAS15c39
cY8Hljay7pu6Rw+9zdW2IhFRmj8CB7IsJUzaUJ+H2UXj2ed8t4G9s7/DqM0v1zybto11TVTsHTNY
GiDfW32OBwprO6gzBnUEFmTajEHns8DxUqOsIt8SAlSHIOYwnjLQ2GWbHAd6NkWOlY2XBe8shAfq
4vQUzl4RCACP1laL0WjmHvyWjnsW7EddvVE/p/r85yciqtH5rkzuPyTQYhCSagtpO+zx6YxunR+r
WLqg6wrdaTCpOzPYpwCvttzus2/21TyYr4ye51BVMNVrt+OCff/y4mbhfRtPw/STO/U/+VPvW/db
qURtcuxJ3ypcILmeJY5JxeYqCJ8a2GPO4/cbWxPhVFugY3vupKGHPjiC1cQ9M78dGNoxKY9ovt2e
5OuMAzooVUI/KelGhc3GpwDwBYPvnnyvU43eSs8/IDJopGB/y7c3MtNga747Iqv1z9CY+oTE19lG
SHwkvNxp0A+NZAWQ6r3pmfU8kle/B1uaMmJixkip6QOMtNtcPZlO1KdeVfYN8l8nz4AQ9t98z4R9
S3k7Qk9gKsnbg7F680HWPZLhwah9F2U3MLTl/rU0by5tr/OiNG9FbUdWm4P38NcoH/vXBaLsdn+A
3q7XrxPE+nWCTWYeJ+1PISQG9uX+WCMOpX67fbf1YKVO+93hEADKZn/k+url/uXmvvu51D8esN8Y
vTboenQOz4AnHDd0AifG169eICRiIfBfGqkoDvNIxp4KRe7kXhTnQaLcKBb0qovns6/ohZ29F3W2
G95z/TRSv45Ev1woGvMaTzin1+F+Ma96b2fj8tPm0CY1ieM5ju+6Hr3Rc3X55kBVsv6gRTkexFBx
aE6ki6rrDiaatwr+/upAR0cc4LJV9l3//cG7tjjyjr338H16BZ5+SgKG14fOuavWHzQY2/+Ng3ai
lfntg3m9SP9GRXb23WNSgE5oMhvfsyc/bu+bvtYDvh5YyQc2Lw7cROvG3x/avta2Gowzjuz8N2G2
N1f6KGW34Lff/gcfK0I7
===END CRASH DUMP===
